----------

Sat Jul 15 2023 09:56:38 GMT-0700 (Pacific Daylight Time)

Couldn't execute script C:\Users\Nicholas\OneDrive - UBC\Website\njericha.github.io\export.sh

----------

Sat Jul 15 2023 09:59:04 GMT-0700 (Pacific Daylight Time)

'C:\Users\Nicholas\OneDrive' is not recognized as an internal or external command,
operable program or batch file.


----------

Sat Jul 15 2023 09:59:54 GMT-0700 (Pacific Daylight Time)

Script C:\Users\Nicholas\OneDrive%20-%20UBC\Website\njericha.github.io\export.bat couldn't be run

----------

Sat Jul 15 2023 10:01:15 GMT-0700 (Pacific Daylight Time)

Script "C:\Users\Nicholas\OneDrive - UBC\Website\njericha.github.io\export.bat" couldn't be run

----------

Sat Jul 15 2023 10:01:55 GMT-0700 (Pacific Daylight Time)

Script C:\Users\Nicholas\OneDrive` -` UBC\Website\njericha.github.io\export.bat couldn't be run

----------

Sat Jul 15 2023 10:04:59 GMT-0700 (Pacific Daylight Time)

Script C:\Users\Nicholas\"OneDrive - UBC"\Website\njericha.github.io\export.bat couldn't be run

----------

Sat Jul 15 2023 10:07:19 GMT-0700 (Pacific Daylight Time)

The system cannot find the path specified.


----------

Sat Jul 15 2023 10:07:19 GMT-0700 (Pacific Daylight Time)

fatal: not a git repository (or any of the parent directories): .git


----------

Sat Jul 15 2023 10:07:19 GMT-0700 (Pacific Daylight Time)

fatal: not a git repository (or any of the parent directories): .git


----------

Sat Jul 15 2023 10:07:19 GMT-0700 (Pacific Daylight Time)

fatal: not a git repository (or any of the parent directories): .git


----------

Sat Jul 15 2023 10:08:40 GMT-0700 (Pacific Daylight Time)

'C:\Users\Nicholas\OneDrive' is not recognized as an internal or external command,
operable program or batch file.


----------

Sat Jul 15 2023 10:09:20 GMT-0700 (Pacific Daylight Time)

Script C:\Users\Nicholas\OneDrive\ -\ UBC\Website\njericha.github.io\export.bat couldn't be run

----------

Sat Jul 15 2023 10:09:35 GMT-0700 (Pacific Daylight Time)

Script C:\Users\Nicholas\OneDrive^ -^ UBC\Website\njericha.github.io\export.bat couldn't be run

----------

Sat Jul 15 2023 10:09:43 GMT-0700 (Pacific Daylight Time)

Script C:\Users\Nicholas\OneDrive` -` UBC\Website\njericha.github.io\export.bat couldn't be run

----------

Sat Jul 15 2023 10:09:55 GMT-0700 (Pacific Daylight Time)

Script "C:\Users\Nicholas\OneDrive - UBC\Website\njericha.github.io\export.bat" couldn't be run

----------

Sat Jul 15 2023 10:17:52 GMT-0700 (Pacific Daylight Time)

The system cannot find the path specified.


----------

Sat Jul 15 2023 10:17:52 GMT-0700 (Pacific Daylight Time)

fatal: not a git repository (or any of the parent directories): .git


----------

Sat Jul 15 2023 10:17:52 GMT-0700 (Pacific Daylight Time)

fatal: not a git repository (or any of the parent directories): .git


----------

Sat Jul 15 2023 10:17:52 GMT-0700 (Pacific Daylight Time)

fatal: not a git repository (or any of the parent directories): .git


